<?xml version="1.0" encoding="UTF-8"?>
<!-- Generated by org.testng.reporters.JUnitReportReporter -->
<testsuite hostname="DESKTOP-MOO9O3A" failures="0" tests="1" name="practice.validatetext" time="0.079" errors="0" timestamp="15 Jan 2021 05:40:55 GMT">
  <testcase classname="practice.validatetext" name="validateText" time="0.079"/>
</testsuite> <!-- practice.validatetext -->
