<?xml version="1.0" encoding="UTF-8"?>
<!-- Generated by org.testng.reporters.JUnitReportReporter -->
<testsuite hostname="DESKTOP-MOO9O3A" failures="0" tests="2" name="practice.E2E.Homepage" time="14.710" errors="0" timestamp="23 Dec 2020 23:10:12 GMT">
  <testcase classname="practice.E2E.Homepage" name="basepageNavigation" time="2.753"/>
  <testcase classname="practice.E2E.Homepage" name="basepageNavigation" time="11.957"/>
</testsuite> <!-- practice.E2E.Homepage -->
