<?xml version="1.0" encoding="UTF-8"?>
<!-- Generated by org.testng.reporters.JUnitReportReporter -->
<testsuite hostname="DESKTOP-MOO9O3A" failures="0" tests="2" name="practice.Homepage" time="12.811" errors="0" timestamp="15 Jan 2021 05:40:55 GMT">
  <testcase classname="practice.Homepage" name="HomePage" time="10.053"/>
  <testcase classname="practice.Homepage" name="HomePage" time="2.758"/>
</testsuite> <!-- practice.Homepage -->
