<?xml version="1.0" encoding="UTF-8"?>
<!-- Generated by org.testng.reporters.JUnitReportReporter -->
<testsuite hostname="DESKTOP-MOO9O3A" failures="0" tests="2" name="practice.validateNavbars2" time="0.111" errors="0" timestamp="15 Jan 2021 05:40:55 GMT">
  <testcase classname="practice.validateNavbars2" name="ValidateHeadder" time="0.045"/>
  <testcase classname="practice.validateNavbars2" name="ValidateNavbar" time="0.066"/>
</testsuite> <!-- practice.validateNavbars2 -->
