<?xml version="1.0" encoding="UTF-8"?>
<!-- Generated by org.testng.reporters.JUnitReportReporter -->
<testsuite hostname="DESKTOP-MOO9O3A" failures="0" tests="1" name="practice.E2E.validateNavbar" time="0.204" errors="0" timestamp="23 Dec 2020 23:10:12 GMT">
  <testcase classname="practice.E2E.validateNavbar" name="basepageNavigation" time="0.204"/>
</testsuite> <!-- practice.E2E.validateNavbar -->
