<?xml version="1.0" encoding="UTF-8"?>
<!-- Generated by org.testng.reporters.JUnitReportReporter -->
<testsuite hostname="DESKTOP-MOO9O3A" failures="0" tests="2" name="practice.Homepage" time="15.521" errors="0" timestamp="28 Dec 2020 21:20:15 GMT">
  <testcase classname="practice.Homepage" name="Homepage" time="11.038"/>
  <testcase classname="practice.Homepage" name="Homepage" time="4.483"/>
</testsuite> <!-- practice.Homepage -->
