<?xml version="1.0" encoding="UTF-8"?>
<!-- Generated by org.testng.reporters.JUnitReportReporter -->
<testsuite hostname="DESKTOP-MOO9O3A" failures="0" tests="1" name="practice.validatetext" time="0.054" errors="0" timestamp="28 Dec 2020 21:20:15 GMT">
  <testcase classname="practice.validatetext" name="validateText" time="0.054"/>
</testsuite> <!-- practice.validatetext -->
