<?xml version="1.0" encoding="UTF-8"?>
<!-- Generated by org.testng.reporters.JUnitReportReporter -->
<testsuite hostname="DESKTOP-MOO9O3A" failures="0" tests="2" name="practice.validateNavbars2" time="0.109" errors="0" timestamp="28 Dec 2020 21:20:15 GMT">
  <testcase classname="practice.validateNavbars2" name="ValidateNavbar" time="0.072"/>
  <testcase classname="practice.validateNavbars2" name="ValidateHeadder" time="0.037"/>
</testsuite> <!-- practice.validateNavbars2 -->
